{"logTime": "0112/021612", "correlationVector":"A4/mW6/aFeMEGogcLtGmUs.1","action":"SyncServerConnectionManagerRequest", "result":"SYNC_SERVER_OK", "context":{"environment":"Prod_SoutheastAsia_000j", "migrationStage":"NotStarted", "server":"GENERAL0100001L"}}
{"logTime": "0112/021612", "correlationVector":"A4/mW6/aFeMEGogcLtGmUs","action":"Initial GetUpdates", "result":"", "context":Reason: NEW_CLIENT. cV=A4/mW6/aFeMEGogcLtGmUs}
{"logTime": "0112/021612", "correlationVector":"A4/mW6/aFeMEGogcLtGmUs.2","action":"GetUpdates Response", "result":"SYNCER_OK", "context":Received 1 update(s). cV=A4/mW6/aFeMEGogcLtGmUs.0;server=GENERAL0100001L;cloudType=Multitenant;environment=Prod_SoutheastAsia_000j;migrationStage=NotStarted}
{"logTime": "0112/021612", "correlationVector":"+ZObFqwisV0UUa81nsx7vc","action":"Initial GetUpdates", "result":"", "context":Reason: NEW_CLIENT. cV=+ZObFqwisV0UUa81nsx7vc}
{"logTime": "0112/021612", "correlationVector":"+ZObFqwisV0UUa81nsx7vc.1","action":"SyncServerConnectionManagerRequest", "result":"SYNC_SERVER_OK", "context":{"environment":"Prod_SoutheastAsia_000j", "migrationStage":"NotStarted", "server":"GENERAL03000016"}}
{"logTime": "0112/021613", "correlationVector":"+ZObFqwisV0UUa81nsx7vc.2","action":"AAD.Mip.Unpack", "result":"Success", "context":MIP_CLOUD_COMMERCIAL:Success}
{"logTime": "0112/021613", "correlationVector":"+ZObFqwisV0UUa81nsx7vc.3","action":"AAD.GetKeyResponse", "result":"Success", "context":Keys=1.LastKeyStatus=Normal. 2566-12-05 17:10:15 +07.State=None. Tags: Current_encryption_keys_tag = b0YmZ++/vQDvv71dEu+/vXcRA2Xvv73vv73vv73vv70O77+9FO+/vRTvv70GCu+/ve+/vXrvv73vv73vv70=, Updated_current_encryption_keys_tag = Empty}
{"logTime": "0112/021613", "correlationVector":"+ZObFqwisV0UUa81nsx7vc.4","action":"GetUpdates Response", "result":"SYNCER_OK", "context":Received 11 update(s). cV=+ZObFqwisV0UUa81nsx7vc.0;server=GENERAL03000016;cloudType=Multitenant;environment=Prod_SoutheastAsia_000j;migrationStage=NotStarted}
{"logTime": "0112/021613", "correlationVector":"J4WClWhgJR2vD3a6bTw6FJ","action":"Normal GetUpdate request", "result":"", "context":cV=J4WClWhgJR2vD3a6bTw6FJ
Nudged types: Device Info, User Consents
Refresh requested types: Device Info, User Consents, Send Tab To Self, Encryption Keys}
{"logTime": "0112/021613", "correlationVector":"J4WClWhgJR2vD3a6bTw6FJ.1","action":"SyncServerConnectionManagerRequest", "result":"SYNC_SERVER_OK", "context":{"environment":"Prod_SoutheastAsia_000j", "migrationStage":"NotStarted", "server":"GENERAL0300000G"}}
{"logTime": "0112/021613", "correlationVector":"J4WClWhgJR2vD3a6bTw6FJ.2","action":"GetUpdates Response", "result":"SYNCER_OK", "context":Received 0 update(s). cV=J4WClWhgJR2vD3a6bTw6FJ.0;server=GENERAL0300000G;cloudType=Multitenant;environment=Prod_SoutheastAsia_000j;migrationStage=NotStarted}
{"logTime": "0112/021613", "correlationVector":"Lr9kvdDxleisXrsOjjN3Aw","action":"Commit Request", "result":"", "context":Item count: 1
Contributing types: Device Info}
{"logTime": "0112/021613", "correlationVector":"Lr9kvdDxleisXrsOjjN3Aw.1","action":"SyncServerConnectionManagerRequest", "result":"SYNC_SERVER_OK", "context":{"environment":"Prod_SoutheastAsia_000j", "migrationStage":"NotStarted", "server":"GENERAL01000003"}}
{"logTime": "0112/021613", "correlationVector":"Lr9kvdDxleisXrsOjjN3Aw.2","action":"Commit Response", "result":"SYNCER_OK", "context":Result: SYNCER_OK. cV=Lr9kvdDxleisXrsOjjN3Aw.0;server=GENERAL01000003;cloudType=Multitenant;environment=Prod_SoutheastAsia_000j;migrationStage=NotStarted}
{"logTime": "0112/021613", "correlationVector":"5vTKghojez1+wi+x7X6ki+","action":"Commit Request", "result":"", "context":Item count: 1
Contributing types: User Consents}
{"logTime": "0112/021614", "correlationVector":"5vTKghojez1+wi+x7X6ki+.1","action":"SyncServerConnectionManagerRequest", "result":"SYNC_SERVER_OK", "context":{"environment":"Prod_SoutheastAsia_000j", "migrationStage":"NotStarted", "server":"GENERAL0300000Z"}}
{"logTime": "0112/021614", "correlationVector":"5vTKghojez1+wi+x7X6ki+.2","action":"Commit Response", "result":"SYNCER_OK", "context":Result: SYNCER_OK. cV=5vTKghojez1+wi+x7X6ki+.0;server=GENERAL0300000Z;cloudType=Multitenant;environment=Prod_SoutheastAsia_000j;migrationStage=NotStarted}
{"logTime": "0112/021614", "correlationVector":"HOwio+nT9RVIn1P+pGipiX","action":"Normal GetUpdate request", "result":"", "context":cV=HOwio+nT9RVIn1P+pGipiX
Nudged types: Device Info}
{"logTime": "0112/021614", "correlationVector":"HOwio+nT9RVIn1P+pGipiX.1","action":"SyncServerConnectionManagerRequest", "result":"SYNC_SERVER_OK", "context":{"environment":"Prod_SoutheastAsia_000j", "migrationStage":"NotStarted", "server":"GENERAL0300002G"}}
{"logTime": "0112/021614", "correlationVector":"HOwio+nT9RVIn1P+pGipiX.2","action":"GetUpdates Response", "result":"SYNCER_OK", "context":Received 1 update(s). cV=HOwio+nT9RVIn1P+pGipiX.0;server=GENERAL0300002G;cloudType=Multitenant;environment=Prod_SoutheastAsia_000j;migrationStage=NotStarted}
{"logTime": "0112/022111", "correlationVector":"mPEOlTms3kl1drS7/UbkNO","action":"Normal GetUpdate request", "result":"", "context":cV=mPEOlTms3kl1drS7/UbkNO
Refresh requested types: Device Info, User Consents, Send Tab To Self, Encryption Keys}
{"logTime": "0112/022111", "correlationVector":"mPEOlTms3kl1drS7/UbkNO.1","action":"SyncServerConnectionManagerRequest", "result":"SYNC_SERVER_OK", "context":{"environment":"Prod_SoutheastAsia_000j", "migrationStage":"NotStarted", "server":"GENERAL0100000E"}}
{"logTime": "0112/022111", "correlationVector":"mPEOlTms3kl1drS7/UbkNO.2","action":"GetUpdates Response", "result":"SYNCER_OK", "context":Received 0 update(s). cV=mPEOlTms3kl1drS7/UbkNO.0;server=GENERAL0100000E;cloudType=Multitenant;environment=Prod_SoutheastAsia_000j;migrationStage=NotStarted}
{"logTime": "0112/042925", "correlationVector":"XkufiE2IZxpBp7PMiFUldv.1","action":"SyncServerConnectionManagerRequest", "result":"SYNC_SERVER_OK", "context":{"environment":"Prod_SoutheastAsia_000j", "migrationStage":"NotStarted", "server":"GENERAL01000016"}}
{"logTime": "0112/042925", "correlationVector":"XkufiE2IZxpBp7PMiFUldv","action":"Initial GetUpdates", "result":"", "context":Reason: NEW_CLIENT. cV=XkufiE2IZxpBp7PMiFUldv}
{"logTime": "0112/042925", "correlationVector":"XkufiE2IZxpBp7PMiFUldv.2","action":"GetUpdates Response", "result":"SYNCER_OK", "context":Received 1 update(s). cV=XkufiE2IZxpBp7PMiFUldv.0;server=GENERAL01000016;cloudType=Multitenant;environment=Prod_SoutheastAsia_000j;migrationStage=NotStarted}
{"logTime": "0112/042925", "correlationVector":"VB4yhrz4rVrwcvAUBQ9Hpt","action":"Normal GetUpdate request", "result":"", "context":cV=VB4yhrz4rVrwcvAUBQ9Hpt
Refresh requested types: Device Info, User Consents, Send Tab To Self, Encryption Keys}
{"logTime": "0112/042925", "correlationVector":"VB4yhrz4rVrwcvAUBQ9Hpt.1","action":"SyncServerConnectionManagerRequest", "result":"SYNC_SERVER_OK", "context":{"environment":"Prod_SoutheastAsia_000j", "migrationStage":"NotStarted", "server":"GENERAL01000015"}}
{"logTime": "0112/042925", "correlationVector":"VB4yhrz4rVrwcvAUBQ9Hpt.2","action":"GetUpdates Response", "result":"SYNCER_OK", "context":Received 0 update(s). cV=VB4yhrz4rVrwcvAUBQ9Hpt.0;server=GENERAL01000015;cloudType=Multitenant;environment=Prod_SoutheastAsia_000j;migrationStage=NotStarted}
{"logTime": "0112/042925", "correlationVector":"QzjgS8/mkPZB3dm0Tdr2W2","action":"Initial GetUpdates", "result":"", "context":Reason: RECONFIGURATION. cV=QzjgS8/mkPZB3dm0Tdr2W2}
{"logTime": "0112/042925", "correlationVector":"QzjgS8/mkPZB3dm0Tdr2W2.1","action":"SyncServerConnectionManagerRequest", "result":"SYNC_SERVER_OK", "context":{"environment":"Prod_SoutheastAsia_000j", "migrationStage":"NotStarted", "server":"GENERAL03000020"}}
{"logTime": "0112/042926", "correlationVector":"QzjgS8/mkPZB3dm0Tdr2W2.2","action":"AAD.Mip.Unpack", "result":"Success", "context":MIP_CLOUD_COMMERCIAL:Success}
{"logTime": "0112/042926", "correlationVector":"QzjgS8/mkPZB3dm0Tdr2W2.3","action":"AAD.GetKeyResponse", "result":"Success", "context":Keys=1.LastKeyStatus=Normal. 2566-12-05 17:10:15 +07.State=None. Tags: Current_encryption_keys_tag = b0YmZ++/vQDvv71dEu+/vXcRA2Xvv73vv73vv73vv70O77+9FO+/vRTvv70GCu+/ve+/vXrvv73vv73vv70=, Updated_current_encryption_keys_tag = Empty}
{"logTime": "0112/042926", "correlationVector":"QzjgS8/mkPZB3dm0Tdr2W2.4","action":"GetUpdates Response", "result":"SYNCER_OK", "context":Received 23 update(s). cV=QzjgS8/mkPZB3dm0Tdr2W2.0;server=GENERAL03000020;cloudType=Multitenant;environment=Prod_SoutheastAsia_000j;migrationStage=NotStarted}
{"logTime": "0112/042926", "correlationVector":"7lfqyJYV0mw+WB0Ly1TL4Q","action":"Initial GetUpdates", "result":"", "context":Reason: NEWLY_SUPPORTED_DATATYPE. cV=7lfqyJYV0mw+WB0Ly1TL4Q}
{"logTime": "0112/042926", "correlationVector":"7lfqyJYV0mw+WB0Ly1TL4Q.1","action":"SyncServerConnectionManagerRequest", "result":"SYNC_SERVER_OK", "context":{"environment":"Prod_SoutheastAsia_000j", "migrationStage":"NotStarted", "server":"GENERAL03000020"}}
{"logTime": "0112/042926", "correlationVector":"7lfqyJYV0mw+WB0Ly1TL4Q.2","action":"GetUpdates Response", "result":"SYNCER_OK", "context":Received 8 update(s). cV=7lfqyJYV0mw+WB0Ly1TL4Q.0;server=GENERAL03000020;cloudType=Multitenant;environment=Prod_SoutheastAsia_000j;migrationStage=NotStarted}
{"logTime": "0112/042926", "correlationVector":"zDBzIDW6fi94nAx3mhbsSE","action":"Initial GetUpdates", "result":"", "context":Reason: NEWLY_SUPPORTED_DATATYPE. cV=zDBzIDW6fi94nAx3mhbsSE}
{"logTime": "0112/042926", "correlationVector":"zDBzIDW6fi94nAx3mhbsSE.1","action":"SyncServerConnectionManagerRequest", "result":"SYNC_SERVER_OK", "context":{"environment":"Prod_SoutheastAsia_000j", "migrationStage":"NotStarted", "server":"GENERAL0300002G"}}
{"logTime": "0112/042926", "correlationVector":"zDBzIDW6fi94nAx3mhbsSE.2","action":"GetUpdates", "result":"DeleteReceived", "context":{"id":"33ea6c91-a3bf-479d-835f-88ca4c359ab5", "isDeleted:":"true", "version":"1704864568279"}}
{"logTime": "0112/042926", "correlationVector":"zDBzIDW6fi94nAx3mhbsSE.3","action":"GetUpdates Response", "result":"SYNCER_OK", "context":Received 4 update(s). cV=zDBzIDW6fi94nAx3mhbsSE.0;server=GENERAL0300002G;cloudType=Multitenant;environment=Prod_SoutheastAsia_000j;migrationStage=NotStarted}
{"logTime": "0112/042926", "correlationVector":"QbMcmZzYFRapz0XETcoXIB","action":"Normal GetUpdate request", "result":"", "context":cV=QbMcmZzYFRapz0XETcoXIB
Nudged types: Sessions, Device Info
Refresh requested types: Bookmarks, Preferences, Passwords, Autofill Profiles, Autofill, Autofill Custom Data, Typed URLs, Extensions, Sessions, Extension settings, History Delete Directives, Device Info, User Consents, Send Tab To Self, Web Apps, Collection, Edge E Drop, Edge Hub App Usage, Edge Wallet, Encryption Keys}
{"logTime": "0112/042926", "correlationVector":"QbMcmZzYFRapz0XETcoXIB.1","action":"SyncServerConnectionManagerRequest", "result":"SYNC_SERVER_OK", "context":{"environment":"Prod_SoutheastAsia_000j", "migrationStage":"NotStarted", "server":"GENERAL01000010"}}
{"logTime": "0112/042926", "correlationVector":"QbMcmZzYFRapz0XETcoXIB.2","action":"GetUpdates Response", "result":"SYNCER_OK", "context":Received 0 update(s). cV=QbMcmZzYFRapz0XETcoXIB.0;server=GENERAL01000010;cloudType=Multitenant;environment=Prod_SoutheastAsia_000j;migrationStage=NotStarted}
{"logTime": "0112/042926", "correlationVector":"x9GoSuIQfRBHdVEeZi4B4h","action":"Commit Request", "result":"", "context":Item count: 1
Contributing types: Device Info}
{"logTime": "0112/042926", "correlationVector":"x9GoSuIQfRBHdVEeZi4B4h.1","action":"SyncServerConnectionManagerRequest", "result":"SYNC_SERVER_OK", "context":{"environment":"Prod_SoutheastAsia_000j", "migrationStage":"NotStarted", "server":"GENERAL03000018"}}
{"logTime": "0112/042926", "correlationVector":"x9GoSuIQfRBHdVEeZi4B4h.2","action":"Commit Response", "result":"SYNCER_OK", "context":Result: SYNCER_OK. cV=x9GoSuIQfRBHdVEeZi4B4h.0;server=GENERAL03000018;cloudType=Multitenant;environment=Prod_SoutheastAsia_000j;migrationStage=NotStarted}
{"logTime": "0112/042926", "correlationVector":"vGc+9U+MobWNz/BHC6d2xu","action":"Commit Request", "result":"", "context":Item count: 2
Contributing types: Sessions}
{"logTime": "0112/042927", "correlationVector":"vGc+9U+MobWNz/BHC6d2xu.1","action":"SyncServerConnectionManagerRequest", "result":"SYNC_SERVER_OK", "context":{"environment":"Prod_SoutheastAsia_000j", "migrationStage":"NotStarted", "server":"GENERAL03000003"}}
{"logTime": "0112/042927", "correlationVector":"vGc+9U+MobWNz/BHC6d2xu.2","action":"Commit Response", "result":"SYNCER_OK", "context":Result: SYNCER_OK. cV=vGc+9U+MobWNz/BHC6d2xu.0;server=GENERAL03000003;cloudType=Multitenant;environment=Prod_SoutheastAsia_000j;migrationStage=NotStarted}
{"logTime": "0112/043002", "correlationVector":"LqgRVjATKdjyWwU1V0n43Z","action":"Commit Request", "result":"", "context":Item count: 1
Contributing types: Sessions}
{"logTime": "0112/043002", "correlationVector":"LqgRVjATKdjyWwU1V0n43Z.1","action":"SyncServerConnectionManagerRequest", "result":"SYNC_SERVER_OK", "context":{"environment":"Prod_SoutheastAsia_000j", "migrationStage":"NotStarted", "server":"GENERAL0300001M"}}
{"logTime": "0112/043002", "correlationVector":"LqgRVjATKdjyWwU1V0n43Z.2","action":"Commit Response", "result":"SYNCER_OK", "context":Result: SYNCER_OK. cV=LqgRVjATKdjyWwU1V0n43Z.0;server=GENERAL0300001M;cloudType=Multitenant;environment=Prod_SoutheastAsia_000j;migrationStage=NotStarted}
{"logTime": "0112/043410", "correlationVector":"tyDXyH/3rs7nFvGjguXvxq","action":"Normal GetUpdate request", "result":"", "context":cV=tyDXyH/3rs7nFvGjguXvxq
Nudged types: Preferences}
{"logTime": "0112/043410", "correlationVector":"tyDXyH/3rs7nFvGjguXvxq.1","action":"SyncServerConnectionManagerRequest", "result":"SYNC_SERVER_OK", "context":{"environment":"Prod_SoutheastAsia_000j", "migrationStage":"NotStarted", "server":"GENERAL01000015"}}
{"logTime": "0112/043410", "correlationVector":"tyDXyH/3rs7nFvGjguXvxq.2","action":"GetUpdates Response", "result":"SYNCER_OK", "context":Received 3 update(s). cV=tyDXyH/3rs7nFvGjguXvxq.0;server=GENERAL01000015;cloudType=Multitenant;environment=Prod_SoutheastAsia_000j;migrationStage=NotStarted}
{"logTime": "0112/043410", "correlationVector":"PvxpnbvQ/q3v7t51UkIIUR","action":"Commit Request", "result":"", "context":Item count: 1
Contributing types: Preferences}
{"logTime": "0112/043410", "correlationVector":"PvxpnbvQ/q3v7t51UkIIUR.1","action":"SyncServerConnectionManagerRequest", "result":"SYNC_SERVER_OK", "context":{"environment":"Prod_SoutheastAsia_000j", "migrationStage":"NotStarted", "server":"GENERAL01000016"}}
{"logTime": "0112/043410", "correlationVector":"PvxpnbvQ/q3v7t51UkIIUR.2","action":"Commit Response", "result":"SYNCER_OK", "context":Result: SYNCER_OK. cV=PvxpnbvQ/q3v7t51UkIIUR.0;server=GENERAL01000016;cloudType=Multitenant;environment=Prod_SoutheastAsia_000j;migrationStage=NotStarted}
{"logTime": "0112/043413", "correlationVector":"+sxWapHZI38Td6oO4E4pOw","action":"Normal GetUpdate request", "result":"", "context":cV=+sxWapHZI38Td6oO4E4pOw
Refresh requested types: Bookmarks, Preferences, Passwords, Autofill Profiles, Autofill, Autofill Custom Data, Typed URLs, Extensions, Sessions, Extension settings, History Delete Directives, Device Info, User Consents, Send Tab To Self, Web Apps, Collection, Edge E Drop, Edge Hub App Usage, Edge Wallet, Encryption Keys}
{"logTime": "0112/043413", "correlationVector":"+sxWapHZI38Td6oO4E4pOw.1","action":"SyncServerConnectionManagerRequest", "result":"SYNC_SERVER_OK", "context":{"environment":"Prod_SoutheastAsia_000j", "migrationStage":"NotStarted", "server":"GENERAL01000005"}}
{"logTime": "0112/043413", "correlationVector":"+sxWapHZI38Td6oO4E4pOw.2","action":"GetUpdates Response", "result":"SYNCER_OK", "context":Received 1 update(s). cV=+sxWapHZI38Td6oO4E4pOw.0;server=GENERAL01000005;cloudType=Multitenant;environment=Prod_SoutheastAsia_000j;migrationStage=NotStarted}
{"logTime": "0112/052044", "correlationVector":"W7Neg/zA2yupnqbHi0rEwv.1","action":"SyncServerConnectionManagerRequest", "result":"SYNC_SERVER_OK", "context":{"environment":"Prod_SoutheastAsia_000j", "migrationStage":"NotStarted", "server":"GENERAL03000012"}}
{"logTime": "0112/052045", "correlationVector":"W7Neg/zA2yupnqbHi0rEwv.2","action":"AAD.Mip.Unpack", "result":"Success", "context":MIP_CLOUD_COMMERCIAL:Success}
{"logTime": "0112/052045", "correlationVector":"W7Neg/zA2yupnqbHi0rEwv.3","action":"AAD.GetKeyResponse", "result":"Success", "context":Keys=1.LastKeyStatus=Normal. 2566-12-05 17:10:15 +07.State=None. Tags: Current_encryption_keys_tag = b0YmZ++/vQDvv71dEu+/vXcRA2Xvv73vv73vv73vv70O77+9FO+/vRTvv70GCu+/ve+/vXrvv73vv73vv70=, Updated_current_encryption_keys_tag = Empty}
{"logTime": "0112/052045", "correlationVector":"W7Neg/zA2yupnqbHi0rEwv","action":"Initial GetUpdates", "result":"", "context":Reason: NEW_CLIENT. cV=W7Neg/zA2yupnqbHi0rEwv}
{"logTime": "0112/052045", "correlationVector":"W7Neg/zA2yupnqbHi0rEwv.4","action":"GetUpdates Response", "result":"SYNCER_OK", "context":Received 1 update(s). cV=W7Neg/zA2yupnqbHi0rEwv.0;server=GENERAL03000012;cloudType=Multitenant;environment=Prod_SoutheastAsia_000j;migrationStage=NotStarted}
{"logTime": "0112/052045", "correlationVector":"3AW/78RY9fKb4QYKkVIA1M","action":"Normal GetUpdate request", "result":"", "context":cV=3AW/78RY9fKb4QYKkVIA1M
Nudged types: Sessions
Refresh requested types: Bookmarks, Preferences, Passwords, Autofill Profiles, Autofill, Autofill Custom Data, Typed URLs, Extensions, Sessions, Extension settings, History Delete Directives, Device Info, User Consents, Send Tab To Self, Web Apps, Collection, Edge E Drop, Edge Hub App Usage, Edge Wallet, Encryption Keys}
{"logTime": "0112/052045", "correlationVector":"3AW/78RY9fKb4QYKkVIA1M.1","action":"SyncServerConnectionManagerRequest", "result":"SYNC_SERVER_OK", "context":{"environment":"Prod_SoutheastAsia_000j", "migrationStage":"NotStarted", "server":"GENERAL0100000M"}}
{"logTime": "0112/052045", "correlationVector":"3AW/78RY9fKb4QYKkVIA1M.2","action":"GetUpdates Response", "result":"SYNCER_OK", "context":Received 0 update(s). cV=3AW/78RY9fKb4QYKkVIA1M.0;server=GENERAL0100000M;cloudType=Multitenant;environment=Prod_SoutheastAsia_000j;migrationStage=NotStarted}
{"logTime": "0112/052045", "correlationVector":"2XybvN4CpmvLv2aI5q5I80","action":"Commit Request", "result":"", "context":Item count: 3
Contributing types: Sessions}
{"logTime": "0112/052045", "correlationVector":"2XybvN4CpmvLv2aI5q5I80.1","action":"SyncServerConnectionManagerRequest", "result":"SYNC_SERVER_OK", "context":{"environment":"Prod_SoutheastAsia_000j", "migrationStage":"NotStarted", "server":"GENERAL0100000T"}}
{"logTime": "0112/052045", "correlationVector":"2XybvN4CpmvLv2aI5q5I80.2","action":"Commit Response", "result":"SYNCER_OK", "context":Result: SYNCER_OK. cV=2XybvN4CpmvLv2aI5q5I80.0;server=GENERAL0100000T;cloudType=Multitenant;environment=Prod_SoutheastAsia_000j;migrationStage=NotStarted}
{"logTime": "0112/052045", "correlationVector":"2XybvN4CpmvLv2aI5q5I80.3","action":"Commit.Sessions", "result":"Success", "context":{"id":"2bb0823c-fdde-438c-972b-57ce3244d0e8", "isDeleted":"true", "size":"0", "version":"1705033803064"}}
{"logTime": "0112/052105", "correlationVector":"cLQOWxkb5LA0djE9r9df3R","action":"Normal GetUpdate request", "result":"", "context":cV=cLQOWxkb5LA0djE9r9df3R
Nudged types: Sessions}
{"logTime": "0112/052105", "correlationVector":"cLQOWxkb5LA0djE9r9df3R.1","action":"SyncServerConnectionManagerRequest", "result":"SYNC_SERVER_OK", "context":{"environment":"Prod_SoutheastAsia_000j", "migrationStage":"NotStarted", "server":"GENERAL0100001L"}}
{"logTime": "0112/052105", "correlationVector":"cLQOWxkb5LA0djE9r9df3R.2","action":"GetUpdates", "result":"DeleteReceived", "context":{"id":"2bb0823c-fdde-438c-972b-57ce3244d0e8", "isDeleted:":"true", "version":"1705036835790"}}
{"logTime": "0112/052105", "correlationVector":"cLQOWxkb5LA0djE9r9df3R.3","action":"GetUpdates Response", "result":"SYNCER_OK", "context":Received 3 update(s). cV=cLQOWxkb5LA0djE9r9df3R.0;server=GENERAL0100001L;cloudType=Multitenant;environment=Prod_SoutheastAsia_000j;migrationStage=NotStarted}
{"logTime": "0112/052105", "correlationVector":"TZkZC+2Vl+NSuxqVnuIpBh","action":"Commit Request", "result":"", "context":Item count: 1
Contributing types: Sessions}
{"logTime": "0112/052105", "correlationVector":"TZkZC+2Vl+NSuxqVnuIpBh.1","action":"SyncServerConnectionManagerRequest", "result":"SYNC_SERVER_OK", "context":{"environment":"Prod_SoutheastAsia_000j", "migrationStage":"NotStarted", "server":"GENERAL0100000N"}}
{"logTime": "0112/052105", "correlationVector":"TZkZC+2Vl+NSuxqVnuIpBh.2","action":"Commit Response", "result":"SYNCER_OK", "context":Result: SYNCER_OK. cV=TZkZC+2Vl+NSuxqVnuIpBh.0;server=GENERAL0100000N;cloudType=Multitenant;environment=Prod_SoutheastAsia_000j;migrationStage=NotStarted}
{"logTime": "0112/052446", "correlationVector":"LAxVOZIK88OeynHgrNB1iN","action":"Commit Request", "result":"", "context":Item count: 1
Contributing types: Sessions}
{"logTime": "0112/052446", "correlationVector":"LAxVOZIK88OeynHgrNB1iN.1","action":"SyncServerConnectionManagerRequest", "result":"SYNC_SERVER_OK", "context":{"environment":"Prod_SoutheastAsia_000j", "migrationStage":"NotStarted", "server":"GENERAL0300002G"}}
{"logTime": "0112/052446", "correlationVector":"LAxVOZIK88OeynHgrNB1iN.2","action":"Commit Response", "result":"SYNCER_OK", "context":Result: SYNCER_OK. cV=LAxVOZIK88OeynHgrNB1iN.0;server=GENERAL0300002G;cloudType=Multitenant;environment=Prod_SoutheastAsia_000j;migrationStage=NotStarted}
{"logTime": "0112/052533", "correlationVector":"cqPIqQD2vdBwH37P5WoseB","action":"Normal GetUpdate request", "result":"", "context":cV=cqPIqQD2vdBwH37P5WoseB
Refresh requested types: Bookmarks, Preferences, Passwords, Autofill Profiles, Autofill, Autofill Custom Data, Typed URLs, Extensions, Sessions, Extension settings, History Delete Directives, Device Info, User Consents, Send Tab To Self, Web Apps, Collection, Edge E Drop, Edge Hub App Usage, Edge Wallet, Encryption Keys}
{"logTime": "0112/052533", "correlationVector":"cqPIqQD2vdBwH37P5WoseB.1","action":"SyncServerConnectionManagerRequest", "result":"SYNC_SERVER_OK", "context":{"environment":"Prod_SoutheastAsia_000j", "migrationStage":"NotStarted", "server":"GENERAL03000023"}}
{"logTime": "0112/052533", "correlationVector":"cqPIqQD2vdBwH37P5WoseB.2","action":"GetUpdates Response", "result":"SYNCER_OK", "context":Received 1 update(s). cV=cqPIqQD2vdBwH37P5WoseB.0;server=GENERAL03000023;cloudType=Multitenant;environment=Prod_SoutheastAsia_000j;migrationStage=NotStarted}
{"logTime": "0112/052706", "correlationVector":"tS9khkOgRTbpyV5hkCeSHE","action":"Commit Request", "result":"", "context":Item count: 1
Contributing types: Sessions}
{"logTime": "0112/052706", "correlationVector":"tS9khkOgRTbpyV5hkCeSHE.1","action":"SyncServerConnectionManagerRequest", "result":"SYNC_SERVER_OK", "context":{"environment":"Prod_SoutheastAsia_000j", "migrationStage":"NotStarted", "server":"GENERAL0300001M"}}
{"logTime": "0112/052706", "correlationVector":"tS9khkOgRTbpyV5hkCeSHE.2","action":"Commit Response", "result":"SYNCER_OK", "context":Result: SYNCER_OK. cV=tS9khkOgRTbpyV5hkCeSHE.0;server=GENERAL0300001M;cloudType=Multitenant;environment=Prod_SoutheastAsia_000j;migrationStage=NotStarted}
{"logTime": "0112/053106", "correlationVector":"aFgW9o78o8HQoX+AH4GroT","action":"Commit Request", "result":"", "context":Item count: 1
Contributing types: Sessions}
{"logTime": "0112/053107", "correlationVector":"aFgW9o78o8HQoX+AH4GroT.1","action":"SyncServerConnectionManagerRequest", "result":"SYNC_SERVER_OK", "context":{"environment":"Prod_SoutheastAsia_000j", "migrationStage":"NotStarted", "server":"GENERAL03000015"}}
{"logTime": "0112/053107", "correlationVector":"aFgW9o78o8HQoX+AH4GroT.2","action":"Commit Response", "result":"SYNCER_OK", "context":Result: SYNCER_OK. cV=aFgW9o78o8HQoX+AH4GroT.0;server=GENERAL03000015;cloudType=Multitenant;environment=Prod_SoutheastAsia_000j;migrationStage=NotStarted}
{"logTime": "0112/053140", "correlationVector":"6tBQx8Bf6mEsFo3fO40aG6","action":"Commit Request", "result":"", "context":Item count: 1
Contributing types: Sessions}
{"logTime": "0112/053140", "correlationVector":"6tBQx8Bf6mEsFo3fO40aG6.1","action":"SyncServerConnectionManagerRequest", "result":"SYNC_SERVER_OK", "context":{"environment":"Prod_SoutheastAsia_000j", "migrationStage":"NotStarted", "server":"GENERAL03000019"}}
{"logTime": "0112/053140", "correlationVector":"6tBQx8Bf6mEsFo3fO40aG6.2","action":"Commit Response", "result":"SYNCER_OK", "context":Result: SYNCER_OK. cV=6tBQx8Bf6mEsFo3fO40aG6.0;server=GENERAL03000019;cloudType=Multitenant;environment=Prod_SoutheastAsia_000j;migrationStage=NotStarted}
{"logTime": "0112/053222", "correlationVector":"N9c3cshkPNcCOKx25ftGwy","action":"Commit Request", "result":"", "context":Item count: 1
Contributing types: Sessions}
{"logTime": "0112/053223", "correlationVector":"N9c3cshkPNcCOKx25ftGwy.1","action":"SyncServerConnectionManagerRequest", "result":"SYNC_SERVER_OK", "context":{"environment":"Prod_SoutheastAsia_000j", "migrationStage":"NotStarted", "server":"GENERAL0300000O"}}
{"logTime": "0112/053223", "correlationVector":"N9c3cshkPNcCOKx25ftGwy.2","action":"Commit Response", "result":"SYNCER_OK", "context":Result: SYNCER_OK. cV=N9c3cshkPNcCOKx25ftGwy.0;server=GENERAL0300000O;cloudType=Multitenant;environment=Prod_SoutheastAsia_000j;migrationStage=NotStarted}
{"logTime": "0112/053326", "correlationVector":"VqcEMKVgQMseFIC7JvVBXX","action":"Commit Request", "result":"", "context":Item count: 1
Contributing types: Sessions}
{"logTime": "0112/053327", "correlationVector":"VqcEMKVgQMseFIC7JvVBXX.1","action":"SyncServerConnectionManagerRequest", "result":"SYNC_SERVER_OK", "context":{"environment":"Prod_SoutheastAsia_000j", "migrationStage":"NotStarted", "server":"GENERAL03000015"}}
{"logTime": "0112/053327", "correlationVector":"VqcEMKVgQMseFIC7JvVBXX.2","action":"Commit Response", "result":"SYNCER_OK", "context":Result: SYNCER_OK. cV=VqcEMKVgQMseFIC7JvVBXX.0;server=GENERAL03000015;cloudType=Multitenant;environment=Prod_SoutheastAsia_000j;migrationStage=NotStarted}
{"logTime": "0112/053405", "correlationVector":"RqtvfQXR7rJjWrmAyNDLT+","action":"Commit Request", "result":"", "context":Item count: 1
Contributing types: Sessions}
{"logTime": "0112/053405", "correlationVector":"RqtvfQXR7rJjWrmAyNDLT+.1","action":"SyncServerConnectionManagerRequest", "result":"SYNC_SERVER_OK", "context":{"environment":"Prod_SoutheastAsia_000j", "migrationStage":"NotStarted", "server":"GENERAL0300000A"}}
{"logTime": "0112/053405", "correlationVector":"RqtvfQXR7rJjWrmAyNDLT+.2","action":"Commit Response", "result":"SYNCER_OK", "context":Result: SYNCER_OK. cV=RqtvfQXR7rJjWrmAyNDLT+.0;server=GENERAL0300000A;cloudType=Multitenant;environment=Prod_SoutheastAsia_000j;migrationStage=NotStarted}
{"logTime": "0112/053451", "correlationVector":"+828HvUaD0f4utsjfhMeUX","action":"Commit Request", "result":"", "context":Item count: 1
Contributing types: Sessions}
{"logTime": "0112/053451", "correlationVector":"+828HvUaD0f4utsjfhMeUX.1","action":"SyncServerConnectionManagerRequest", "result":"SYNC_SERVER_OK", "context":{"environment":"Prod_SoutheastAsia_000j", "migrationStage":"NotStarted", "server":"GENERAL0100001F"}}
{"logTime": "0112/053451", "correlationVector":"+828HvUaD0f4utsjfhMeUX.2","action":"Commit Response", "result":"SYNCER_OK", "context":Result: SYNCER_OK. cV=+828HvUaD0f4utsjfhMeUX.0;server=GENERAL0100001F;cloudType=Multitenant;environment=Prod_SoutheastAsia_000j;migrationStage=NotStarted}
{"logTime": "0112/053719", "correlationVector":"Ayw63NEvwVDXBNAaC3ttEh","action":"Commit Request", "result":"", "context":Item count: 1
Contributing types: Sessions}
{"logTime": "0112/053719", "correlationVector":"Ayw63NEvwVDXBNAaC3ttEh.1","action":"SyncServerConnectionManagerRequest", "result":"SYNC_SERVER_OK", "context":{"environment":"Prod_SoutheastAsia_000j", "migrationStage":"NotStarted", "server":"GENERAL0100001K"}}
{"logTime": "0112/053719", "correlationVector":"Ayw63NEvwVDXBNAaC3ttEh.2","action":"Commit Response", "result":"SYNCER_OK", "context":Result: SYNCER_OK. cV=Ayw63NEvwVDXBNAaC3ttEh.0;server=GENERAL0100001K;cloudType=Multitenant;environment=Prod_SoutheastAsia_000j;migrationStage=NotStarted}
{"logTime": "0112/053805", "correlationVector":"7j1dzouyIy48L0a2evdKUj","action":"Commit Request", "result":"", "context":Item count: 1
Contributing types: Sessions}
{"logTime": "0112/053805", "correlationVector":"7j1dzouyIy48L0a2evdKUj.1","action":"SyncServerConnectionManagerRequest", "result":"SYNC_SERVER_OK", "context":{"environment":"Prod_SoutheastAsia_000j", "migrationStage":"NotStarted", "server":"GENERAL0300000O"}}
{"logTime": "0112/053805", "correlationVector":"7j1dzouyIy48L0a2evdKUj.2","action":"Commit Response", "result":"SYNCER_OK", "context":Result: SYNCER_OK. cV=7j1dzouyIy48L0a2evdKUj.0;server=GENERAL0300000O;cloudType=Multitenant;environment=Prod_SoutheastAsia_000j;migrationStage=NotStarted}
{"logTime": "0112/054030", "correlationVector":"8YIA+2TrHy15PmeOgarrrT","action":"Commit Request", "result":"", "context":Item count: 1
Contributing types: Sessions}
{"logTime": "0112/054031", "correlationVector":"8YIA+2TrHy15PmeOgarrrT.1","action":"SyncServerConnectionManagerRequest", "result":"SYNC_SERVER_OK", "context":{"environment":"Prod_SoutheastAsia_000j", "migrationStage":"NotStarted", "server":"GENERAL03000023"}}
{"logTime": "0112/054031", "correlationVector":"8YIA+2TrHy15PmeOgarrrT.2","action":"Commit Response", "result":"SYNCER_OK", "context":Result: SYNCER_OK. cV=8YIA+2TrHy15PmeOgarrrT.0;server=GENERAL03000023;cloudType=Multitenant;environment=Prod_SoutheastAsia_000j;migrationStage=NotStarted}
{"logTime": "0112/054110", "correlationVector":"S8WTPxZ7onXi/5k8pyuzXB","action":"Commit Request", "result":"", "context":Item count: 1
Contributing types: Sessions}
{"logTime": "0112/054111", "correlationVector":"S8WTPxZ7onXi/5k8pyuzXB.1","action":"SyncServerConnectionManagerRequest", "result":"SYNC_SERVER_OK", "context":{"environment":"Prod_SoutheastAsia_000j", "migrationStage":"NotStarted", "server":"GENERAL0100000T"}}
{"logTime": "0112/054111", "correlationVector":"S8WTPxZ7onXi/5k8pyuzXB.2","action":"Commit Response", "result":"SYNCER_OK", "context":Result: SYNCER_OK. cV=S8WTPxZ7onXi/5k8pyuzXB.0;server=GENERAL0100000T;cloudType=Multitenant;environment=Prod_SoutheastAsia_000j;migrationStage=NotStarted}
{"logTime": "0112/054150", "correlationVector":"JPmgULxCZjRsQ7hU2iIv82","action":"Commit Request", "result":"", "context":Item count: 1
Contributing types: Sessions}
{"logTime": "0112/054151", "correlationVector":"JPmgULxCZjRsQ7hU2iIv82.1","action":"SyncServerConnectionManagerRequest", "result":"SYNC_SERVER_OK", "context":{"environment":"Prod_SoutheastAsia_000j", "migrationStage":"NotStarted", "server":"GENERAL0300001P"}}
{"logTime": "0112/054151", "correlationVector":"JPmgULxCZjRsQ7hU2iIv82.2","action":"Commit Response", "result":"SYNCER_OK", "context":Result: SYNCER_OK. cV=JPmgULxCZjRsQ7hU2iIv82.0;server=GENERAL0300001P;cloudType=Multitenant;environment=Prod_SoutheastAsia_000j;migrationStage=NotStarted}
{"logTime": "0112/054239", "correlationVector":"Z6hYtQ5sQIcl4gc8L1crr2","action":"Commit Request", "result":"", "context":Item count: 1
Contributing types: Sessions}
{"logTime": "0112/054239", "correlationVector":"Z6hYtQ5sQIcl4gc8L1crr2.1","action":"SyncServerConnectionManagerRequest", "result":"SYNC_SERVER_OK", "context":{"environment":"Prod_SoutheastAsia_000j", "migrationStage":"NotStarted", "server":"GENERAL0100000N"}}
{"logTime": "0112/054239", "correlationVector":"Z6hYtQ5sQIcl4gc8L1crr2.2","action":"Commit Response", "result":"SYNCER_OK", "context":Result: SYNCER_OK. cV=Z6hYtQ5sQIcl4gc8L1crr2.0;server=GENERAL0100000N;cloudType=Multitenant;environment=Prod_SoutheastAsia_000j;migrationStage=NotStarted}
{"logTime": "0112/064552", "correlationVector":"3LORXSGBUSpQC3ASDlQ5VR.1","action":"SyncServerConnectionManagerRequest", "result":"SYNC_SERVER_OK", "context":{"environment":"Prod_SoutheastAsia_000j", "migrationStage":"NotStarted", "server":"GENERAL01000016"}}
{"logTime": "0112/064552", "correlationVector":"3LORXSGBUSpQC3ASDlQ5VR","action":"Initial GetUpdates", "result":"", "context":Reason: NEW_CLIENT. cV=3LORXSGBUSpQC3ASDlQ5VR}
{"logTime": "0112/064552", "correlationVector":"3LORXSGBUSpQC3ASDlQ5VR.2","action":"GetUpdates Response", "result":"SYNCER_OK", "context":Received 1 update(s). cV=3LORXSGBUSpQC3ASDlQ5VR.0;server=GENERAL01000016;cloudType=Multitenant;environment=Prod_SoutheastAsia_000j;migrationStage=NotStarted}
{"logTime": "0112/064552", "correlationVector":"MrP8fIEkgX0iQhc65xGIvF","action":"Normal GetUpdate request", "result":"", "context":cV=MrP8fIEkgX0iQhc65xGIvF
Nudged types: Sessions
Refresh requested types: Bookmarks, Preferences, Passwords, Autofill Profiles, Autofill, Autofill Custom Data, Typed URLs, Extensions, Sessions, Extension settings, History Delete Directives, Device Info, User Consents, Send Tab To Self, Web Apps, Collection, Edge E Drop, Edge Hub App Usage, Edge Wallet, Encryption Keys}
{"logTime": "0112/064552", "correlationVector":"MrP8fIEkgX0iQhc65xGIvF.1","action":"SyncServerConnectionManagerRequest", "result":"SYNC_SERVER_OK", "context":{"environment":"Prod_SoutheastAsia_000j", "migrationStage":"NotStarted", "server":"GENERAL01000001"}}
{"logTime": "0112/064552", "correlationVector":"MrP8fIEkgX0iQhc65xGIvF.2","action":"AAD.Mip.Unpack", "result":"Success", "context":MIP_CLOUD_COMMERCIAL:Success}
{"logTime": "0112/064552", "correlationVector":"MrP8fIEkgX0iQhc65xGIvF.3","action":"AAD.GetKeyResponse", "result":"Success", "context":Keys=1.LastKeyStatus=Normal. 2566-12-05 17:10:15 +07.State=None. Tags: Current_encryption_keys_tag = b0YmZ++/vQDvv71dEu+/vXcRA2Xvv73vv73vv73vv70O77+9FO+/vRTvv70GCu+/ve+/vXrvv73vv73vv70=, Updated_current_encryption_keys_tag = Empty}
{"logTime": "0112/064552", "correlationVector":"MrP8fIEkgX0iQhc65xGIvF.4","action":"GetUpdates Response", "result":"SYNCER_OK", "context":Received 1 update(s). cV=MrP8fIEkgX0iQhc65xGIvF.0;server=GENERAL01000001;cloudType=Multitenant;environment=Prod_SoutheastAsia_000j;migrationStage=NotStarted}
{"logTime": "0112/064552", "correlationVector":"jAXok1TniEhtdSeHiGQV/k","action":"Commit Request", "result":"", "context":Item count: 3
Contributing types: Sessions}
{"logTime": "0112/064552", "correlationVector":"jAXok1TniEhtdSeHiGQV/k.1","action":"SyncServerConnectionManagerRequest", "result":"SYNC_SERVER_OK", "context":{"environment":"Prod_SoutheastAsia_000j", "migrationStage":"NotStarted", "server":"GENERAL0100000I"}}
{"logTime": "0112/064552", "correlationVector":"jAXok1TniEhtdSeHiGQV/k.3","action":"Commit.Sessions", "result":"Success", "context":{"id":"11267f2c-045c-4b9c-a0a0-dde41f9395e4", "isDeleted":"true", "size":"0", "version":"1705038160605"}}
{"logTime": "0112/064552", "correlationVector":"jAXok1TniEhtdSeHiGQV/k.2","action":"Commit Response", "result":"SYNCER_OK", "context":Result: SYNCER_OK. cV=jAXok1TniEhtdSeHiGQV/k.0;server=GENERAL0100000I;cloudType=Multitenant;environment=Prod_SoutheastAsia_000j;migrationStage=NotStarted}
{"logTime": "0112/064552", "correlationVector":"+tZr+O4ZeYvAfDbEfiDubu","action":"Normal GetUpdate request", "result":"", "context":cV=+tZr+O4ZeYvAfDbEfiDubu
Nudged types: Sessions
Refresh requested types: Bookmarks, Preferences, Passwords, Autofill Profiles, Autofill, Autofill Custom Data, Typed URLs, Extensions, Sessions, Extension settings, History Delete Directives, Device Info, User Consents, Send Tab To Self, Web Apps, Collection, Edge E Drop, Edge Hub App Usage, Edge Wallet, Encryption Keys}
{"logTime": "0112/064552", "correlationVector":"+tZr+O4ZeYvAfDbEfiDubu.1","action":"SyncServerConnectionManagerRequest", "result":"SYNC_SERVER_OK", "context":{"environment":"Prod_SoutheastAsia_000j", "migrationStage":"NotStarted", "server":"GENERAL01000007"}}
{"logTime": "0112/064552", "correlationVector":"+tZr+O4ZeYvAfDbEfiDubu.2","action":"GetUpdates", "result":"DeleteReceived", "context":{"id":"11267f2c-045c-4b9c-a0a0-dde41f9395e4", "isDeleted:":"true", "version":"1705041948743"}}
{"logTime": "0112/064552", "correlationVector":"+tZr+O4ZeYvAfDbEfiDubu.3","action":"GetUpdates Response", "result":"SYNCER_OK", "context":Received 3 update(s). cV=+tZr+O4ZeYvAfDbEfiDubu.0;server=GENERAL01000007;cloudType=Multitenant;environment=Prod_SoutheastAsia_000j;migrationStage=NotStarted}
{"logTime": "0112/064618", "correlationVector":"aEFcygevtnPOsVmijkA1Ap","action":"Commit Request", "result":"", "context":Item count: 1
Contributing types: Sessions}
{"logTime": "0112/064618", "correlationVector":"aEFcygevtnPOsVmijkA1Ap.1","action":"SyncServerConnectionManagerRequest", "result":"SYNC_SERVER_OK", "context":{"environment":"Prod_SoutheastAsia_000j", "migrationStage":"NotStarted", "server":"GENERAL03000007"}}
{"logTime": "0112/064618", "correlationVector":"aEFcygevtnPOsVmijkA1Ap.2","action":"Commit Response", "result":"SYNCER_OK", "context":Result: SYNCER_OK. cV=aEFcygevtnPOsVmijkA1Ap.0;server=GENERAL03000007;cloudType=Multitenant;environment=Prod_SoutheastAsia_000j;migrationStage=NotStarted}
{"logTime": "0112/065047", "correlationVector":"IvIRX2xLQYI486vWcTfiu9","action":"Normal GetUpdate request", "result":"", "context":cV=IvIRX2xLQYI486vWcTfiu9
Nudged types: Sessions
Refresh requested types: Bookmarks, Preferences, Passwords, Autofill Profiles, Autofill, Autofill Custom Data, Typed URLs, Extensions, Sessions, Extension settings, History Delete Directives, Device Info, User Consents, Send Tab To Self, Web Apps, Collection, Edge E Drop, Edge Hub App Usage, Edge Wallet, Encryption Keys}
{"logTime": "0112/065047", "correlationVector":"IvIRX2xLQYI486vWcTfiu9.1","action":"SyncServerConnectionManagerRequest", "result":"SYNC_SERVER_OK", "context":{"environment":"Prod_SoutheastAsia_000j", "migrationStage":"NotStarted", "server":"GENERAL0300000O"}}
{"logTime": "0112/065047", "correlationVector":"IvIRX2xLQYI486vWcTfiu9.2","action":"GetUpdates Response", "result":"SYNCER_OK", "context":Received 1 update(s). cV=IvIRX2xLQYI486vWcTfiu9.0;server=GENERAL0300000O;cloudType=Multitenant;environment=Prod_SoutheastAsia_000j;migrationStage=NotStarted}
{"logTime": "0112/065047", "correlationVector":"+1i/JFyN9VoZLhlTR24x+G","action":"Commit Request", "result":"", "context":Item count: 1
Contributing types: Sessions}
{"logTime": "0112/065047", "correlationVector":"+1i/JFyN9VoZLhlTR24x+G.1","action":"SyncServerConnectionManagerRequest", "result":"SYNC_SERVER_OK", "context":{"environment":"Prod_SoutheastAsia_000j", "migrationStage":"NotStarted", "server":"GENERAL0100000J"}}
{"logTime": "0112/065047", "correlationVector":"+1i/JFyN9VoZLhlTR24x+G.2","action":"Commit Response", "result":"SYNCER_OK", "context":Result: SYNCER_OK. cV=+1i/JFyN9VoZLhlTR24x+G.0;server=GENERAL0100000J;cloudType=Multitenant;environment=Prod_SoutheastAsia_000j;migrationStage=NotStarted}
{"logTime": "0112/065212", "correlationVector":"aVw0lUcxmQ/ZdKt1YyURJg","action":"Commit Request", "result":"", "context":Item count: 1
Contributing types: Sessions}
{"logTime": "0112/065213", "correlationVector":"aVw0lUcxmQ/ZdKt1YyURJg.1","action":"SyncServerConnectionManagerRequest", "result":"SYNC_SERVER_OK", "context":{"environment":"Prod_SoutheastAsia_000j", "migrationStage":"NotStarted", "server":"GENERAL0100000T"}}
{"logTime": "0112/065213", "correlationVector":"aVw0lUcxmQ/ZdKt1YyURJg.2","action":"Commit Response", "result":"SYNCER_OK", "context":Result: SYNCER_OK. cV=aVw0lUcxmQ/ZdKt1YyURJg.0;server=GENERAL0100000T;cloudType=Multitenant;environment=Prod_SoutheastAsia_000j;migrationStage=NotStarted}
{"logTime": "0112/065535", "correlationVector":"eSYX11nsbwrRmd+axpUU5p","action":"Commit Request", "result":"", "context":Item count: 1
Contributing types: Sessions}
{"logTime": "0112/065535", "correlationVector":"eSYX11nsbwrRmd+axpUU5p.1","action":"SyncServerConnectionManagerRequest", "result":"SYNC_SERVER_OK", "context":{"environment":"Prod_SoutheastAsia_000j", "migrationStage":"NotStarted", "server":"GENERAL01000018"}}
{"logTime": "0112/065535", "correlationVector":"eSYX11nsbwrRmd+axpUU5p.2","action":"Commit Response", "result":"SYNCER_OK", "context":Result: SYNCER_OK. cV=eSYX11nsbwrRmd+axpUU5p.0;server=GENERAL01000018;cloudType=Multitenant;environment=Prod_SoutheastAsia_000j;migrationStage=NotStarted}
{"logTime": "0112/065606", "correlationVector":"q3/TlZITRUCNRWU4UvMFVj","action":"Commit Request", "result":"", "context":Item count: 1
Contributing types: Sessions}
{"logTime": "0112/065607", "correlationVector":"q3/TlZITRUCNRWU4UvMFVj.1","action":"SyncServerConnectionManagerRequest", "result":"SYNC_SERVER_OK", "context":{"environment":"Prod_SoutheastAsia_000j", "migrationStage":"NotStarted", "server":"GENERAL0300000Y"}}
{"logTime": "0112/065607", "correlationVector":"q3/TlZITRUCNRWU4UvMFVj.2","action":"Commit Response", "result":"SYNCER_OK", "context":Result: SYNCER_OK. cV=q3/TlZITRUCNRWU4UvMFVj.0;server=GENERAL0300000Y;cloudType=Multitenant;environment=Prod_SoutheastAsia_000j;migrationStage=NotStarted}
{"logTime": "0112/065650", "correlationVector":"AW1mljCcDJjRG2Ul3kD4ut","action":"Commit Request", "result":"", "context":Item count: 1
Contributing types: Sessions}
{"logTime": "0112/065650", "correlationVector":"AW1mljCcDJjRG2Ul3kD4ut.1","action":"SyncServerConnectionManagerRequest", "result":"SYNC_SERVER_OK", "context":{"environment":"Prod_SoutheastAsia_000j", "migrationStage":"NotStarted", "server":"GENERAL0100000D"}}
{"logTime": "0112/065650", "correlationVector":"AW1mljCcDJjRG2Ul3kD4ut.2","action":"Commit Response", "result":"SYNCER_OK", "context":Result: SYNCER_OK. cV=AW1mljCcDJjRG2Ul3kD4ut.0;server=GENERAL0100000D;cloudType=Multitenant;environment=Prod_SoutheastAsia_000j;migrationStage=NotStarted}
{"logTime": "0112/072429", "correlationVector":"rWSP1Giuag4qAkZOWZbh0q","action":"Commit Request", "result":"", "context":Item count: 1
Contributing types: Sessions}
{"logTime": "0112/072430", "correlationVector":"rWSP1Giuag4qAkZOWZbh0q.1","action":"SyncServerConnectionManagerRequest", "result":"SYNC_SERVER_OK", "context":{"environment":"Prod_SoutheastAsia_000j", "migrationStage":"NotStarted", "server":"GENERAL01000007"}}
{"logTime": "0112/072430", "correlationVector":"rWSP1Giuag4qAkZOWZbh0q.2","action":"Commit Response", "result":"SYNCER_OK", "context":Result: SYNCER_OK. cV=rWSP1Giuag4qAkZOWZbh0q.0;server=GENERAL01000007;cloudType=Multitenant;environment=Prod_SoutheastAsia_000j;migrationStage=NotStarted}
{"logTime": "0112/072506", "correlationVector":"1I/ZS1vbWh3ktD6ROSt5rk","action":"Commit Request", "result":"", "context":Item count: 1
Contributing types: Sessions}
{"logTime": "0112/072506", "correlationVector":"1I/ZS1vbWh3ktD6ROSt5rk.1","action":"SyncServerConnectionManagerRequest", "result":"SYNC_SERVER_OK", "context":{"environment":"Prod_SoutheastAsia_000j", "migrationStage":"NotStarted", "server":"GENERAL0300001M"}}
{"logTime": "0112/072506", "correlationVector":"1I/ZS1vbWh3ktD6ROSt5rk.2","action":"Commit Response", "result":"SYNCER_OK", "context":Result: SYNCER_OK. cV=1I/ZS1vbWh3ktD6ROSt5rk.0;server=GENERAL0300001M;cloudType=Multitenant;environment=Prod_SoutheastAsia_000j;migrationStage=NotStarted}
{"logTime": "0112/072850", "correlationVector":"wO78TYJjlmdNNnVDIRaOtR","action":"Commit Request", "result":"", "context":Item count: 1
Contributing types: Sessions}
{"logTime": "0112/072851", "correlationVector":"wO78TYJjlmdNNnVDIRaOtR.1","action":"SyncServerConnectionManagerRequest", "result":"SYNC_SERVER_OK", "context":{"environment":"Prod_SoutheastAsia_000j", "migrationStage":"NotStarted", "server":"GENERAL03000022"}}
{"logTime": "0112/072851", "correlationVector":"wO78TYJjlmdNNnVDIRaOtR.2","action":"Commit Response", "result":"SYNCER_OK", "context":Result: SYNCER_OK. cV=wO78TYJjlmdNNnVDIRaOtR.0;server=GENERAL03000022;cloudType=Multitenant;environment=Prod_SoutheastAsia_000j;migrationStage=NotStarted}
{"logTime": "0112/073044", "correlationVector":"YytUq5DXxEwKpJhtRU6PgJ","action":"Commit Request", "result":"", "context":Item count: 1
Contributing types: Sessions}
{"logTime": "0112/073044", "correlationVector":"YytUq5DXxEwKpJhtRU6PgJ.1","action":"SyncServerConnectionManagerRequest", "result":"SYNC_SERVER_OK", "context":{"environment":"Prod_SoutheastAsia_000j", "migrationStage":"NotStarted", "server":"GENERAL0100000X"}}
{"logTime": "0112/073044", "correlationVector":"YytUq5DXxEwKpJhtRU6PgJ.2","action":"Commit Response", "result":"SYNCER_OK", "context":Result: SYNCER_OK. cV=YytUq5DXxEwKpJhtRU6PgJ.0;server=GENERAL0100000X;cloudType=Multitenant;environment=Prod_SoutheastAsia_000j;migrationStage=NotStarted}
{"logTime": "0112/073213", "correlationVector":"xPuRKRrO+N8KjtIxjyyBDN","action":"Commit Request", "result":"", "context":Item count: 1
Contributing types: Sessions}
{"logTime": "0112/073214", "correlationVector":"xPuRKRrO+N8KjtIxjyyBDN.1","action":"SyncServerConnectionManagerRequest", "result":"SYNC_SERVER_OK", "context":{"environment":"Prod_SoutheastAsia_000j", "migrationStage":"NotStarted", "server":"GENERAL0100000F"}}
{"logTime": "0112/073214", "correlationVector":"xPuRKRrO+N8KjtIxjyyBDN.2","action":"Commit Response", "result":"SYNCER_OK", "context":Result: SYNCER_OK. cV=xPuRKRrO+N8KjtIxjyyBDN.0;server=GENERAL0100000F;cloudType=Multitenant;environment=Prod_SoutheastAsia_000j;migrationStage=NotStarted}
{"logTime": "0112/075211", "correlationVector":"tM90qcLQomk56KC7OJpxjZ","action":"Commit Request", "result":"", "context":Item count: 1
Contributing types: Sessions}
{"logTime": "0112/075212", "correlationVector":"tM90qcLQomk56KC7OJpxjZ.1","action":"SyncServerConnectionManagerRequest", "result":"SYNC_SERVER_OK", "context":{"environment":"Prod_SoutheastAsia_000j", "migrationStage":"NotStarted", "server":"GENERAL0100000T"}}
{"logTime": "0112/075212", "correlationVector":"tM90qcLQomk56KC7OJpxjZ.2","action":"Commit Response", "result":"SYNCER_OK", "context":Result: SYNCER_OK. cV=tM90qcLQomk56KC7OJpxjZ.0;server=GENERAL0100000T;cloudType=Multitenant;environment=Prod_SoutheastAsia_000j;migrationStage=NotStarted}
{"logTime": "0112/075332", "correlationVector":"l5xInYdmsdEvu8/i1yJ4P9","action":"Commit Request", "result":"", "context":Item count: 1
Contributing types: Sessions}
{"logTime": "0112/075333", "correlationVector":"l5xInYdmsdEvu8/i1yJ4P9.1","action":"SyncServerConnectionManagerRequest", "result":"SYNC_SERVER_OK", "context":{"environment":"Prod_SoutheastAsia_000j", "migrationStage":"NotStarted", "server":"GENERAL0100000D"}}
{"logTime": "0112/075333", "correlationVector":"l5xInYdmsdEvu8/i1yJ4P9.2","action":"Commit Response", "result":"SYNCER_OK", "context":Result: SYNCER_OK. cV=l5xInYdmsdEvu8/i1yJ4P9.0;server=GENERAL0100000D;cloudType=Multitenant;environment=Prod_SoutheastAsia_000j;migrationStage=NotStarted}
{"logTime": "0112/075540", "correlationVector":"oWwpjJbwOX64FGaal2Pqj3","action":"Commit Request", "result":"", "context":Item count: 1
Contributing types: Sessions}
{"logTime": "0112/075540", "correlationVector":"oWwpjJbwOX64FGaal2Pqj3.1","action":"SyncServerConnectionManagerRequest", "result":"SYNC_SERVER_OK", "context":{"environment":"Prod_SoutheastAsia_000j", "migrationStage":"NotStarted", "server":"GENERAL01000004"}}
{"logTime": "0112/075540", "correlationVector":"oWwpjJbwOX64FGaal2Pqj3.2","action":"Commit Response", "result":"SYNCER_OK", "context":Result: SYNCER_OK. cV=oWwpjJbwOX64FGaal2Pqj3.0;server=GENERAL01000004;cloudType=Multitenant;environment=Prod_SoutheastAsia_000j;migrationStage=NotStarted}
{"logTime": "0112/080039", "correlationVector":"PZkOQhDFGfILRWgp7dIVsD","action":"Commit Request", "result":"", "context":Item count: 1
Contributing types: Sessions}
{"logTime": "0112/080039", "correlationVector":"PZkOQhDFGfILRWgp7dIVsD.1","action":"SyncServerConnectionManagerRequest", "result":"SYNC_SERVER_OK", "context":{"environment":"Prod_SoutheastAsia_000j", "migrationStage":"NotStarted", "server":"GENERAL01000011"}}
{"logTime": "0112/080039", "correlationVector":"PZkOQhDFGfILRWgp7dIVsD.2","action":"Commit Response", "result":"SYNCER_OK", "context":Result: SYNCER_OK. cV=PZkOQhDFGfILRWgp7dIVsD.0;server=GENERAL01000011;cloudType=Multitenant;environment=Prod_SoutheastAsia_000j;migrationStage=NotStarted}
{"logTime": "0112/080257", "correlationVector":"vXNnrl7wb45lH0JckI5ZG1","action":"Commit Request", "result":"", "context":Item count: 1
Contributing types: Sessions}
{"logTime": "0112/080257", "correlationVector":"vXNnrl7wb45lH0JckI5ZG1.1","action":"SyncServerConnectionManagerRequest", "result":"SYNC_AUTH_ERROR", "context":{"environment":"Prod_SoutheastAsia_000j", "migrationStage":"NotStarted", "server":"GENERAL0100000H"}}
{"logTime": "0112/080257", "correlationVector":"vXNnrl7wb45lH0JckI5ZG1.2","action":"Commit Response", "result":"SYNC_AUTH_ERROR (HTTP 401)", "context":Result: SYNC_AUTH_ERROR (HTTP 401). cV=vXNnrl7wb45lH0JckI5ZG1.0;server=GENERAL0100000H;cloudType=Undetermined;environment=Prod_SoutheastAsia_000j;migrationStage=NotStarted}
{"logTime": "0112/080259", "correlationVector":"XNWxTT4oyFxJYseSQ4Lz/h","action":"Commit Request", "result":"", "context":Item count: 1
Contributing types: Sessions}
{"logTime": "0112/080259", "correlationVector":"XNWxTT4oyFxJYseSQ4Lz/h.1","action":"SyncServerConnectionManagerRequest", "result":"SYNC_SERVER_OK", "context":{"environment":"Prod_SoutheastAsia_000j", "migrationStage":"NotStarted", "server":"GENERAL03000020"}}
{"logTime": "0112/080259", "correlationVector":"XNWxTT4oyFxJYseSQ4Lz/h.2","action":"Commit Response", "result":"SYNCER_OK", "context":Result: SYNCER_OK. cV=XNWxTT4oyFxJYseSQ4Lz/h.0;server=GENERAL03000020;cloudType=Multitenant;environment=Prod_SoutheastAsia_000j;migrationStage=NotStarted}
{"logTime": "0112/080528", "correlationVector":"FQB815kV6sYCgJLXC3RLBK","action":"Commit Request", "result":"", "context":Item count: 1
Contributing types: Sessions}
{"logTime": "0112/080528", "correlationVector":"FQB815kV6sYCgJLXC3RLBK.1","action":"SyncServerConnectionManagerRequest", "result":"SYNC_SERVER_OK", "context":{"environment":"Prod_SoutheastAsia_000j", "migrationStage":"NotStarted", "server":"GENERAL0100001F"}}
{"logTime": "0112/080528", "correlationVector":"FQB815kV6sYCgJLXC3RLBK.2","action":"Commit Response", "result":"SYNCER_OK", "context":Result: SYNCER_OK. cV=FQB815kV6sYCgJLXC3RLBK.0;server=GENERAL0100001F;cloudType=Multitenant;environment=Prod_SoutheastAsia_000j;migrationStage=NotStarted}
{"logTime": "0112/080610", "correlationVector":"KoOnzzvstufw+789qBoto3","action":"Commit Request", "result":"", "context":Item count: 1
Contributing types: Sessions}
{"logTime": "0112/080610", "correlationVector":"KoOnzzvstufw+789qBoto3.1","action":"SyncServerConnectionManagerRequest", "result":"SYNC_SERVER_OK", "context":{"environment":"Prod_SoutheastAsia_000j", "migrationStage":"NotStarted", "server":"GENERAL0100000S"}}
{"logTime": "0112/080610", "correlationVector":"KoOnzzvstufw+789qBoto3.2","action":"Commit Response", "result":"SYNCER_OK", "context":Result: SYNCER_OK. cV=KoOnzzvstufw+789qBoto3.0;server=GENERAL0100000S;cloudType=Multitenant;environment=Prod_SoutheastAsia_000j;migrationStage=NotStarted}
{"logTime": "0112/080642", "correlationVector":"94GBY7G+4mg04MFF1jHUIl","action":"Commit Request", "result":"", "context":Item count: 1
Contributing types: Sessions}
{"logTime": "0112/080643", "correlationVector":"94GBY7G+4mg04MFF1jHUIl.1","action":"SyncServerConnectionManagerRequest", "result":"SYNC_SERVER_OK", "context":{"environment":"Prod_SoutheastAsia_000j", "migrationStage":"NotStarted", "server":"GENERAL0100000H"}}
{"logTime": "0112/080643", "correlationVector":"94GBY7G+4mg04MFF1jHUIl.2","action":"Commit Response", "result":"SYNCER_OK", "context":Result: SYNCER_OK. cV=94GBY7G+4mg04MFF1jHUIl.0;server=GENERAL0100000H;cloudType=Multitenant;environment=Prod_SoutheastAsia_000j;migrationStage=NotStarted}
{"logTime": "0112/080715", "correlationVector":"1AHvkUJgIdP3vnIi49GTEF","action":"Commit Request", "result":"", "context":Item count: 1
Contributing types: Sessions}
{"logTime": "0112/080716", "correlationVector":"1AHvkUJgIdP3vnIi49GTEF.1","action":"SyncServerConnectionManagerRequest", "result":"SYNC_SERVER_OK", "context":{"environment":"Prod_SoutheastAsia_000j", "migrationStage":"NotStarted", "server":"GENERAL01000011"}}
{"logTime": "0112/080716", "correlationVector":"1AHvkUJgIdP3vnIi49GTEF.2","action":"Commit Response", "result":"SYNCER_OK", "context":Result: SYNCER_OK. cV=1AHvkUJgIdP3vnIi49GTEF.0;server=GENERAL01000011;cloudType=Multitenant;environment=Prod_SoutheastAsia_000j;migrationStage=NotStarted}
{"logTime": "0112/081220", "correlationVector":"tOK0UjRlyAgmBLcI2gE6C6","action":"Commit Request", "result":"", "context":Item count: 1
Contributing types: Sessions}
{"logTime": "0112/081220", "correlationVector":"tOK0UjRlyAgmBLcI2gE6C6.1","action":"SyncServerConnectionManagerRequest", "result":"SYNC_SERVER_OK", "context":{"environment":"Prod_SoutheastAsia_000j", "migrationStage":"NotStarted", "server":"GENERAL0100001A"}}
{"logTime": "0112/081220", "correlationVector":"tOK0UjRlyAgmBLcI2gE6C6.2","action":"Commit Response", "result":"SYNCER_OK", "context":Result: SYNCER_OK. cV=tOK0UjRlyAgmBLcI2gE6C6.0;server=GENERAL0100001A;cloudType=Multitenant;environment=Prod_SoutheastAsia_000j;migrationStage=NotStarted}
{"logTime": "0112/083205", "correlationVector":"wPT7tLAmYutoOYnvpi/wzz","action":"Commit Request", "result":"", "context":Item count: 1
Contributing types: Sessions}
{"logTime": "0112/083206", "correlationVector":"wPT7tLAmYutoOYnvpi/wzz.1","action":"SyncServerConnectionManagerRequest", "result":"SYNC_SERVER_OK", "context":{"environment":"Prod_SoutheastAsia_000j", "migrationStage":"NotStarted", "server":"GENERAL0100000S"}}
{"logTime": "0112/083206", "correlationVector":"wPT7tLAmYutoOYnvpi/wzz.2","action":"Commit Response", "result":"SYNCER_OK", "context":Result: SYNCER_OK. cV=wPT7tLAmYutoOYnvpi/wzz.0;server=GENERAL0100000S;cloudType=Multitenant;environment=Prod_SoutheastAsia_000j;migrationStage=NotStarted}
{"logTime": "0112/084039", "correlationVector":"sRx/iAg+XwRpvBWADiCBDi","action":"Commit Request", "result":"", "context":Item count: 1
Contributing types: Sessions}
{"logTime": "0112/084040", "correlationVector":"sRx/iAg+XwRpvBWADiCBDi.1","action":"SyncServerConnectionManagerRequest", "result":"SYNC_SERVER_OK", "context":{"environment":"Prod_SoutheastAsia_000j", "migrationStage":"NotStarted", "server":"GENERAL0300000G"}}
{"logTime": "0112/084040", "correlationVector":"sRx/iAg+XwRpvBWADiCBDi.2","action":"Commit Response", "result":"SYNCER_OK", "context":Result: SYNCER_OK. cV=sRx/iAg+XwRpvBWADiCBDi.0;server=GENERAL0300000G;cloudType=Multitenant;environment=Prod_SoutheastAsia_000j;migrationStage=NotStarted}
{"logTime": "0112/084125", "correlationVector":"U7MRVaHwGemzohwUJS6Uzj","action":"Commit Request", "result":"", "context":Item count: 1
Contributing types: Sessions}
{"logTime": "0112/084126", "correlationVector":"U7MRVaHwGemzohwUJS6Uzj.1","action":"SyncServerConnectionManagerRequest", "result":"SYNC_SERVER_OK", "context":{"environment":"Prod_SoutheastAsia_000j", "migrationStage":"NotStarted", "server":"GENERAL03000018"}}
{"logTime": "0112/084126", "correlationVector":"U7MRVaHwGemzohwUJS6Uzj.2","action":"Commit Response", "result":"SYNCER_OK", "context":Result: SYNCER_OK. cV=U7MRVaHwGemzohwUJS6Uzj.0;server=GENERAL03000018;cloudType=Multitenant;environment=Prod_SoutheastAsia_000j;migrationStage=NotStarted}
{"logTime": "0112/084238", "correlationVector":"yGHz+QP2TpJS/ZunSOl4Py","action":"Commit Request", "result":"", "context":Item count: 1
Contributing types: Sessions}
{"logTime": "0112/084238", "correlationVector":"yGHz+QP2TpJS/ZunSOl4Py.1","action":"SyncServerConnectionManagerRequest", "result":"SYNC_SERVER_OK", "context":{"environment":"Prod_SoutheastAsia_000j", "migrationStage":"NotStarted", "server":"GENERAL03000007"}}
{"logTime": "0112/084238", "correlationVector":"yGHz+QP2TpJS/ZunSOl4Py.2","action":"Commit Response", "result":"SYNCER_OK", "context":Result: SYNCER_OK. cV=yGHz+QP2TpJS/ZunSOl4Py.0;server=GENERAL03000007;cloudType=Multitenant;environment=Prod_SoutheastAsia_000j;migrationStage=NotStarted}
{"logTime": "0112/084701", "correlationVector":"YjV+I1OmifXm2TkK+sS4uh","action":"Commit Request", "result":"", "context":Item count: 1
Contributing types: Sessions}
{"logTime": "0112/084701", "correlationVector":"YjV+I1OmifXm2TkK+sS4uh.1","action":"SyncServerConnectionManagerRequest", "result":"SYNC_SERVER_OK", "context":{"environment":"Prod_SoutheastAsia_000j", "migrationStage":"NotStarted", "server":"GENERAL0100000H"}}
{"logTime": "0112/084701", "correlationVector":"YjV+I1OmifXm2TkK+sS4uh.2","action":"Commit Response", "result":"SYNCER_OK", "context":Result: SYNCER_OK. cV=YjV+I1OmifXm2TkK+sS4uh.0;server=GENERAL0100000H;cloudType=Multitenant;environment=Prod_SoutheastAsia_000j;migrationStage=NotStarted}
{"logTime": "0112/084832", "correlationVector":"FNoDW6bYbWHUApEGyZcEoQ","action":"Commit Request", "result":"", "context":Item count: 1
Contributing types: Sessions}
{"logTime": "0112/084833", "correlationVector":"FNoDW6bYbWHUApEGyZcEoQ.1","action":"SyncServerConnectionManagerRequest", "result":"SYNC_SERVER_OK", "context":{"environment":"Prod_SoutheastAsia_000j", "migrationStage":"NotStarted", "server":"GENERAL01000007"}}
{"logTime": "0112/084833", "correlationVector":"FNoDW6bYbWHUApEGyZcEoQ.2","action":"Commit Response", "result":"SYNCER_OK", "context":Result: SYNCER_OK. cV=FNoDW6bYbWHUApEGyZcEoQ.0;server=GENERAL01000007;cloudType=Multitenant;environment=Prod_SoutheastAsia_000j;migrationStage=NotStarted}
{"logTime": "0112/084958", "correlationVector":"2QJNx02AdxbHgdVy3PK4mu","action":"Commit Request", "result":"", "context":Item count: 1
Contributing types: Sessions}
{"logTime": "0112/084959", "correlationVector":"2QJNx02AdxbHgdVy3PK4mu.1","action":"SyncServerConnectionManagerRequest", "result":"SYNC_SERVER_OK", "context":{"environment":"Prod_SoutheastAsia_000j", "migrationStage":"NotStarted", "server":"GENERAL0100000X"}}
{"logTime": "0112/084959", "correlationVector":"2QJNx02AdxbHgdVy3PK4mu.2","action":"Commit Response", "result":"SYNCER_OK", "context":Result: SYNCER_OK. cV=2QJNx02AdxbHgdVy3PK4mu.0;server=GENERAL0100000X;cloudType=Multitenant;environment=Prod_SoutheastAsia_000j;migrationStage=NotStarted}
{"logTime": "0112/085056", "correlationVector":"V9GAgE0OL14CoiIYI01Lnm","action":"Commit Request", "result":"", "context":Item count: 1
Contributing types: Sessions}
{"logTime": "0112/085056", "correlationVector":"V9GAgE0OL14CoiIYI01Lnm.1","action":"SyncServerConnectionManagerRequest", "result":"SYNC_SERVER_OK", "context":{"environment":"Prod_SoutheastAsia_000j", "migrationStage":"NotStarted", "server":"GENERAL0100000F"}}
{"logTime": "0112/085056", "correlationVector":"V9GAgE0OL14CoiIYI01Lnm.2","action":"Commit Response", "result":"SYNCER_OK", "context":Result: SYNCER_OK. cV=V9GAgE0OL14CoiIYI01Lnm.0;server=GENERAL0100000F;cloudType=Multitenant;environment=Prod_SoutheastAsia_000j;migrationStage=NotStarted}
{"logTime": "0112/085252", "correlationVector":"+keoxRnjY4SyDKqV4jFyEV","action":"Commit Request", "result":"", "context":Item count: 1
Contributing types: Sessions}
{"logTime": "0112/085252", "correlationVector":"+keoxRnjY4SyDKqV4jFyEV.1","action":"SyncServerConnectionManagerRequest", "result":"SYNC_SERVER_OK", "context":{"environment":"Prod_SoutheastAsia_000j", "migrationStage":"NotStarted", "server":"GENERAL01000007"}}
{"logTime": "0112/085252", "correlationVector":"+keoxRnjY4SyDKqV4jFyEV.2","action":"Commit Response", "result":"SYNCER_OK", "context":Result: SYNCER_OK. cV=+keoxRnjY4SyDKqV4jFyEV.0;server=GENERAL01000007;cloudType=Multitenant;environment=Prod_SoutheastAsia_000j;migrationStage=NotStarted}
{"logTime": "0112/085358", "correlationVector":"vYez10x+C/6x9LdetAs25X","action":"Commit Request", "result":"", "context":Item count: 1
Contributing types: Sessions}
{"logTime": "0112/085358", "correlationVector":"vYez10x+C/6x9LdetAs25X.1","action":"SyncServerConnectionManagerRequest", "result":"SYNC_SERVER_OK", "context":{"environment":"Prod_SoutheastAsia_000j", "migrationStage":"NotStarted", "server":"GENERAL0100001K"}}
{"logTime": "0112/085358", "correlationVector":"vYez10x+C/6x9LdetAs25X.2","action":"Commit Response", "result":"SYNCER_OK", "context":Result: SYNCER_OK. cV=vYez10x+C/6x9LdetAs25X.0;server=GENERAL0100001K;cloudType=Multitenant;environment=Prod_SoutheastAsia_000j;migrationStage=NotStarted}
{"logTime": "0112/085620", "correlationVector":"EDEAtmYN5xPEBcONioghf2","action":"Commit Request", "result":"", "context":Item count: 1
Contributing types: Sessions}
{"logTime": "0112/085620", "correlationVector":"EDEAtmYN5xPEBcONioghf2.1","action":"SyncServerConnectionManagerRequest", "result":"SYNC_SERVER_OK", "context":{"environment":"Prod_SoutheastAsia_000j", "migrationStage":"NotStarted", "server":"GENERAL0100001K"}}
{"logTime": "0112/085620", "correlationVector":"EDEAtmYN5xPEBcONioghf2.2","action":"Commit Response", "result":"SYNCER_OK", "context":Result: SYNCER_OK. cV=EDEAtmYN5xPEBcONioghf2.0;server=GENERAL0100001K;cloudType=Multitenant;environment=Prod_SoutheastAsia_000j;migrationStage=NotStarted}
